nohup: ignoring input
[2025-04-28 13:51:51.678167] ?? Garbage collection reminder service started.
[2025-04-28 20:00:00.002679] ?? Today is: Monday
[2025-04-28 20:00:00.002797] ?? No garbage collection scheduled for today.
[2025-04-29 20:00:00.002706] ?? Today is: Tuesday
[2025-04-29 20:00:00.002745] ?? Garbage type for today: Burnable Garbage
[2025-04-29] ? HTML template loaded.
[2025-04-29 20:00:00.003246] ?? Preparing to send email:
Subject: ?? Garbage Collection Reminder - Burnable Garbage
Recipients: ['wuhan6582@gmail.com']
[2025-04-29 20:00:00.047054] ? Email sent successfully!
[2025-04-30 20:00:00.003903] ?? Today is: Wednesday
[2025-04-30 20:00:00.003947] ?? No garbage collection scheduled for today.
[2025-05-01 20:00:00.001646] ?? Today is: Thursday
[2025-05-01 20:00:00.001706] ?? Garbage type for today: Plastic Garbage
[2025-05-01] ? HTML template loaded.
[2025-05-01 20:00:00.002419] ?? Preparing to send email:
Subject: ?? Garbage Collection Reminder - Plastic Garbage
Recipients: ['wuhan6582@gmail.com']
[2025-05-01 20:00:00.031192] ? Email sent successfully!
[2025-05-02 20:00:00.131312] ?? Today is: Friday
[2025-05-02 20:00:00.135133] ?? Garbage type for today: Burnable Garbage
[2025-05-02] ? HTML template loaded.
[2025-05-02 20:00:00.155875] ?? Preparing to send email:
Subject: ?? Garbage Collection Reminder - Burnable Garbage
Recipients: ['wuhan6582@gmail.com']
[2025-05-02 20:00:00.275533] ? Email sent successfully!
[2025-05-03 20:00:00.003536] ?? Today is: Saturday
[2025-05-03 20:00:00.003584] ?? No garbage collection scheduled for today.
[2025-05-04 20:00:00.000529] ?? Today is: Sunday
[2025-05-04 20:00:00.000541] ?? Garbage type for today: Recyclable Garbage
[2025-05-04] ? HTML template loaded.
[2025-05-04 20:00:00.008227] ?? Preparing to send email:
Subject: ?? Garbage Collection Reminder - Recyclable Garbage
Recipients: ['wuhan6582@gmail.com']
[2025-05-04 20:00:00.035965] ? Email sent successfully!
[2025-05-05 20:00:00.009265] ?? Today is: Monday
[2025-05-05 20:00:00.009276] ?? No garbage collection scheduled for today.
[2025-05-06 20:00:00.008918] ?? Today is: Tuesday
[2025-05-06 20:00:00.008940] ?? Garbage type for today: Burnable Garbage
[2025-05-06] ? HTML template loaded.
[2025-05-06 20:00:00.009097] ?? Preparing to send email:
Subject: ?? Garbage Collection Reminder - Burnable Garbage
Recipients: ['wuhan6582@gmail.com']
[2025-05-06 20:00:00.034797] ? Email sent successfully!
[2025-05-07 20:00:00.006934] ?? Today is: Wednesday
[2025-05-07 20:00:00.006945] ?? No garbage collection scheduled for today.
[2025-05-08 20:00:00.007147] ?? Today is: Thursday
[2025-05-08 20:00:00.007159] ?? Garbage type for today: Plastic Garbage
[2025-05-08] ? HTML template loaded.
[2025-05-08 20:00:00.007325] ?? Preparing to send email:
Subject: ?? Garbage Collection Reminder - Plastic Garbage
Recipients: ['wuhan6582@gmail.com']
[2025-05-08 20:00:00.039487] ? Email sent successfully!
[2025-05-09 20:00:00.012401] ?? Today is: Friday
[2025-05-09 20:00:00.012453] ?? Garbage type for today: Burnable Garbage
[2025-05-09] ? HTML template loaded.
[2025-05-09 20:00:00.012871] ?? Preparing to send email:
Subject: ?? Garbage Collection Reminder - Burnable Garbage
Recipients: ['wuhan6582@gmail.com']
[2025-05-09 20:00:00.038931] ? Email sent successfully!
[2025-05-10 20:00:00.015371] ?? Today is: Saturday
[2025-05-10 20:00:00.015397] ?? No garbage collection scheduled for today.
[2025-05-11 20:00:00.006771] ?? Today is: Sunday
[2025-05-11 20:00:00.006811] ?? Garbage type for today: Recyclable Garbage
[2025-05-11] ? HTML template loaded.
[2025-05-11 20:00:00.007210] ?? Preparing to send email:
Subject: ?? Garbage Collection Reminder - Recyclable Garbage
Recipients: ['wuhan6582@gmail.com']
[2025-05-11 20:00:00.069696] ? Email sent successfully!
[2025-05-12 20:00:00.001631] ?? Today is: Monday
[2025-05-12 20:00:00.001669] ?? No garbage collection scheduled for today.
[2025-05-13 20:00:00.001707] ?? Today is: Tuesday
[2025-05-13 20:00:00.001747] ?? Garbage type for today: Burnable Garbage
[2025-05-13] ? HTML template loaded.
[2025-05-13 20:00:00.002110] ?? Preparing to send email:
Subject: ?? Garbage Collection Reminder - Burnable Garbage
Recipients: ['wuhan6582@gmail.com']
[2025-05-13 20:00:00.042855] ? Email sent successfully!
[2025-05-14 20:00:00.000595] ?? Today is: Wednesday
[2025-05-14 20:00:00.000607] ?? No garbage collection scheduled for today.
[2025-05-15 20:00:00.001472] ?? Today is: Thursday
[2025-05-15 20:00:00.001508] ?? Garbage type for today: Plastic Garbage
[2025-05-15] ? HTML template loaded.
[2025-05-15 20:00:00.002762] ?? Preparing to send email:
Subject: ?? Garbage Collection Reminder - Plastic Garbage
Recipients: ['wuhan6582@gmail.com']
[2025-05-15 20:00:00.032928] ? Email sent successfully!
[2025-05-16 20:00:00.005128] ?? Today is: Friday
[2025-05-16 20:00:00.005168] ?? Garbage type for today: Burnable Garbage
[2025-05-16] ? HTML template loaded.
[2025-05-16 20:00:00.005552] ?? Preparing to send email:
Subject: ?? Garbage Collection Reminder - Burnable Garbage
Recipients: ['wuhan6582@gmail.com']
[2025-05-16 20:00:00.032662] ? Email sent successfully!
[2025-05-17 20:00:00.002065] ?? Today is: Saturday
[2025-05-17 20:00:00.002104] ?? No garbage collection scheduled for today.
[2025-05-18 20:00:00.001689] ?? Today is: Sunday
[2025-05-18 20:00:00.001728] ?? Garbage type for today: Recyclable Garbage
[2025-05-18] ? HTML template loaded.
[2025-05-18 20:00:00.002135] ?? Preparing to send email:
Subject: ?? Garbage Collection Reminder - Recyclable Garbage
Recipients: ['wuhan6582@gmail.com']
[2025-05-18 20:00:00.037630] ? Email sent successfully!
[2025-05-19 20:00:00.008025] ?? Today is: Monday
[2025-05-19 20:00:00.008038] ?? No garbage collection scheduled for today.
[2025-05-20 20:00:00.001519] ?? Today is: Tuesday
[2025-05-20 20:00:00.001561] ?? Garbage type for today: Burnable Garbage
[2025-05-20] ? HTML template loaded.
[2025-05-20 20:00:00.001981] ?? Preparing to send email:
Subject: ?? Garbage Collection Reminder - Burnable Garbage
Recipients: ['wuhan6582@gmail.com']
[2025-05-20 20:00:00.041974] ? Email sent successfully!
[2025-05-21 20:00:00.006952] ?? Today is: Wednesday
[2025-05-21 20:00:00.006966] ?? No garbage collection scheduled for today.
[2025-05-22 20:00:00.008364] ?? Today is: Thursday
[2025-05-22 20:00:00.008378] ?? Garbage type for today: Plastic Garbage
[2025-05-22] ? HTML template loaded.
[2025-05-22 20:00:00.008635] ?? Preparing to send email:
Subject: ?? Garbage Collection Reminder - Plastic Garbage
Recipients: ['wuhan6582@gmail.com']
[2025-05-22 20:00:00.035346] ? Email sent successfully!
[2025-05-23 20:00:00.001843] ?? Today is: Friday
[2025-05-23 20:00:00.001883] ?? Garbage type for today: Burnable Garbage
[2025-05-23] ? HTML template loaded.
[2025-05-23 20:00:00.004562] ?? Preparing to send email:
Subject: ?? Garbage Collection Reminder - Burnable Garbage
Recipients: ['wuhan6582@gmail.com']
[2025-05-23 20:00:00.029744] ? Email sent successfully!
[2025-05-24 20:00:00.008362] ?? Today is: Saturday
[2025-05-24 20:00:00.008374] ?? No garbage collection scheduled for today.
[2025-05-25 20:00:00.008846] ?? Today is: Sunday
[2025-05-25 20:00:00.008886] ?? Garbage type for today: Recyclable Garbage
[2025-05-25] ? HTML template loaded.
[2025-05-25 20:00:00.009433] ?? Preparing to send email:
Subject: ?? Garbage Collection Reminder - Recyclable Garbage
Recipients: ['wuhan6582@gmail.com']
[2025-05-25 20:00:00.035125] ? Email sent successfully!
[2025-05-26 20:00:00.007719] ?? Today is: Monday
[2025-05-26 20:00:00.007730] ?? No garbage collection scheduled for today.
[2025-05-27 20:00:00.001569] ?? Today is: Tuesday
[2025-05-27 20:00:00.001612] ?? Garbage type for today: Burnable Garbage
[2025-05-27] ? HTML template loaded.
[2025-05-27 20:00:00.001994] ?? Preparing to send email:
Subject: ?? Garbage Collection Reminder - Burnable Garbage
Recipients: ['wuhan6582@gmail.com']
[2025-05-27 20:00:00.058162] ? Email sent successfully!
[2025-05-28 20:00:00.003628] ?? Today is: Wednesday
[2025-05-28 20:00:00.003685] ?? No garbage collection scheduled for today.
[2025-05-29 20:00:00.001656] ?? Today is: Thursday
[2025-05-29 20:00:00.001695] ?? Garbage type for today: Plastic Garbage
[2025-05-29] ? HTML template loaded.
[2025-05-29 20:00:00.010942] ?? Preparing to send email:
Subject: ?? Garbage Collection Reminder - Plastic Garbage
Recipients: ['wuhan6582@gmail.com']
[2025-05-29 20:00:00.035377] ? Email sent successfully!
[2025-05-30 20:00:00.001709] ?? Today is: Friday
[2025-05-30 20:00:00.001755] ?? Garbage type for today: Burnable Garbage
[2025-05-30] ? HTML template loaded.
[2025-05-30 20:00:00.002184] ?? Preparing to send email:
Subject: ?? Garbage Collection Reminder - Burnable Garbage
Recipients: ['wuhan6582@gmail.com']
[2025-05-30 20:00:00.035980] ? Email sent successfully!
[2025-05-31 20:00:00.001606] ?? Today is: Saturday
[2025-05-31 20:00:00.001649] ?? No garbage collection scheduled for today.
[2025-06-01 20:00:00.001735] ?? Today is: Sunday
[2025-06-01 20:00:00.001777] ?? Garbage type for today: Recyclable Garbage
[2025-06-01] ? HTML template loaded.
[2025-06-01 20:00:00.002174] ?? Preparing to send email:
Subject: ?? Garbage Collection Reminder - Recyclable Garbage
Recipients: ['wuhan6582@gmail.com']
[2025-06-01 20:00:00.032770] ? Email sent successfully!
[2025-06-02 20:00:00.010893] ?? Today is: Monday
[2025-06-02 20:00:00.010904] ?? No garbage collection scheduled for today.
[2025-06-03 20:00:00.001510] ?? Today is: Tuesday
[2025-06-03 20:00:00.001550] ?? Garbage type for today: Burnable Garbage
[2025-06-03] ? HTML template loaded.
[2025-06-03 20:00:00.001947] ?? Preparing to send email:
Subject: ?? Garbage Collection Reminder - Burnable Garbage
Recipients: ['wuhan6582@gmail.com']
[2025-06-03 20:00:00.034194] ? Email sent successfully!
[2025-06-04 20:00:00.000624] ?? Today is: Wednesday
[2025-06-04 20:00:00.000636] ?? No garbage collection scheduled for today.
[2025-06-05 20:00:00.001634] ?? Today is: Thursday
[2025-06-05 20:00:00.001672] ?? Garbage type for today: Plastic Garbage
[2025-06-05] ? HTML template loaded.
[2025-06-05 20:00:00.002048] ?? Preparing to send email:
Subject: ?? Garbage Collection Reminder - Plastic Garbage
Recipients: ['wuhan6582@gmail.com']
[2025-06-05 20:00:00.051466] ? Email sent successfully!
[2025-06-06 20:00:00.001567] ?? Today is: Friday
[2025-06-06 20:00:00.001608] ?? Garbage type for today: Burnable Garbage
[2025-06-06] ? HTML template loaded.
[2025-06-06 20:00:00.001988] ?? Preparing to send email:
Subject: ?? Garbage Collection Reminder - Burnable Garbage
Recipients: ['wuhan6582@gmail.com']
[2025-06-06 20:00:00.033567] ? Email sent successfully!
[2025-06-07 20:00:00.001635] ?? Today is: Saturday
[2025-06-07 20:00:00.001674] ?? No garbage collection scheduled for today.
[2025-06-08 20:00:00.002306] ?? Today is: Sunday
[2025-06-08 20:00:00.002322] ?? Garbage type for today: Recyclable Garbage
[2025-06-08] ? HTML template loaded.
[2025-06-08 20:00:00.002482] ?? Preparing to send email:
Subject: ?? Garbage Collection Reminder - Recyclable Garbage
Recipients: ['wuhan6582@gmail.com']
[2025-06-08 20:00:00.037364] ? Email sent successfully!
[2025-06-09 20:00:00.001565] ?? Today is: Monday
[2025-06-09 20:00:00.001603] ?? No garbage collection scheduled for today.
[2025-06-10 20:00:00.001961] ?? Today is: Tuesday
[2025-06-10 20:00:00.002003] ?? Garbage type for today: Burnable Garbage
[2025-06-10] ? HTML template loaded.
[2025-06-10 20:00:00.002395] ?? Preparing to send email:
Subject: ?? Garbage Collection Reminder - Burnable Garbage
Recipients: ['wuhan6582@gmail.com']
[2025-06-10 20:00:00.031838] ? Email sent successfully!
[2025-06-11 20:00:00.001605] ?? Today is: Wednesday
[2025-06-11 20:00:00.001653] ?? No garbage collection scheduled for today.
[2025-06-12 20:00:00.001572] ?? Today is: Thursday
[2025-06-12 20:00:00.001612] ?? Garbage type for today: Plastic Garbage
[2025-06-12] ? HTML template loaded.
[2025-06-12 20:00:00.001993] ?? Preparing to send email:
Subject: ?? Garbage Collection Reminder - Plastic Garbage
Recipients: ['wuhan6582@gmail.com']
[2025-06-12 20:00:00.032285] ? Email sent successfully!
[2025-06-13 20:00:00.000713] ?? Today is: Friday
[2025-06-13 20:00:00.000729] ?? Garbage type for today: Burnable Garbage
[2025-06-13] ? HTML template loaded.
[2025-06-13 20:00:00.000891] ?? Preparing to send email:
Subject: ?? Garbage Collection Reminder - Burnable Garbage
Recipients: ['wuhan6582@gmail.com']
[2025-06-13 20:00:00.028275] ? Email sent successfully!
[2025-06-14 20:00:00.001570] ?? Today is: Saturday
[2025-06-14 20:00:00.001614] ?? No garbage collection scheduled for today.
[2025-06-15 20:00:00.001630] ?? Today is: Sunday
[2025-06-15 20:00:00.001671] ?? Garbage type for today: Recyclable Garbage
[2025-06-15] ? HTML template loaded.
[2025-06-15 20:00:00.002073] ?? Preparing to send email:
Subject: ?? Garbage Collection Reminder - Recyclable Garbage
Recipients: ['wuhan6582@gmail.com']
[2025-06-15 20:00:00.034377] ? Email sent successfully!
[2025-06-16 20:00:00.003061] ?? Today is: Monday
[2025-06-16 20:00:00.003107] ?? No garbage collection scheduled for today.
[2025-06-17 20:00:00.001655] ?? Today is: Tuesday
[2025-06-17 20:00:00.001693] ?? Garbage type for today: Burnable Garbage
[2025-06-17] ? HTML template loaded.
[2025-06-17 20:00:00.002073] ?? Preparing to send email:
Subject: ?? Garbage Collection Reminder - Burnable Garbage
Recipients: ['wuhan6582@gmail.com']
[2025-06-17 20:00:00.037715] ? Email sent successfully!
[2025-06-18 20:00:00.001556] ?? Today is: Wednesday
[2025-06-18 20:00:00.001594] ?? No garbage collection scheduled for today.
[2025-06-19 20:00:00.013538] ?? Today is: Thursday
[2025-06-19 20:00:00.013549] ?? Garbage type for today: Plastic Garbage
[2025-06-19] ? HTML template loaded.
[2025-06-19 20:00:00.013864] ?? Preparing to send email:
Subject: ?? Garbage Collection Reminder - Plastic Garbage
Recipients: ['wuhan6582@gmail.com']
[2025-06-19 20:00:00.038727] ? Email sent successfully!
[2025-06-20 20:00:00.001780] ?? Today is: Friday
[2025-06-20 20:00:00.001829] ?? Garbage type for today: Burnable Garbage
[2025-06-20] ? HTML template loaded.
[2025-06-20 20:00:00.002185] ?? Preparing to send email:
Subject: ?? Garbage Collection Reminder - Burnable Garbage
Recipients: ['wuhan6582@gmail.com']
[2025-06-20 20:00:00.033592] ? Email sent successfully!
[2025-06-21 20:00:00.001699] ?? Today is: Saturday
[2025-06-21 20:00:00.001744] ?? No garbage collection scheduled for today.
[2025-06-22 20:00:00.012170] ?? Today is: Sunday
[2025-06-22 20:00:00.012182] ?? Garbage type for today: Recyclable Garbage
[2025-06-22] ? HTML template loaded.
[2025-06-22 20:00:00.012298] ?? Preparing to send email:
Subject: ?? Garbage Collection Reminder - Recyclable Garbage
Recipients: ['wuhan6582@gmail.com']
[2025-06-22 20:00:00.037215] ? Email sent successfully!
[2025-06-23 20:00:00.001516] ?? Today is: Monday
[2025-06-23 20:00:00.001554] ?? No garbage collection scheduled for today.
[2025-06-24 20:00:00.011702] ?? Today is: Tuesday
[2025-06-24 20:00:00.011715] ?? Garbage type for today: Burnable Garbage
[2025-06-24] ? HTML template loaded.
[2025-06-24 20:00:00.011944] ?? Preparing to send email:
Subject: ?? Garbage Collection Reminder - Burnable Garbage
Recipients: ['wuhan6582@gmail.com']
[2025-06-24 20:00:00.045626] ? Email sent successfully!
[2025-06-25 20:00:00.001550] ?? Today is: Wednesday
[2025-06-25 20:00:00.001589] ?? No garbage collection scheduled for today.
[2025-06-26 20:00:00.001080] ?? Today is: Thursday
[2025-06-26 20:00:00.001106] ?? Garbage type for today: Plastic Garbage
[2025-06-26] ? HTML template loaded.
[2025-06-26 20:00:00.001358] ?? Preparing to send email:
Subject: ?? Garbage Collection Reminder - Plastic Garbage
Recipients: ['wuhan6582@gmail.com']
[2025-06-26 20:00:00.037865] ? Email sent successfully!
[2025-06-27 20:00:00.001598] ?? Today is: Friday
[2025-06-27 20:00:00.001638] ?? Garbage type for today: Burnable Garbage
[2025-06-27] ? HTML template loaded.
[2025-06-27 20:00:00.002034] ?? Preparing to send email:
Subject: ?? Garbage Collection Reminder - Burnable Garbage
Recipients: ['wuhan6582@gmail.com']
[2025-06-27 20:00:00.033663] ? Email sent successfully!
[2025-06-28 20:00:00.001550] ?? Today is: Saturday
[2025-06-28 20:00:00.001862] ?? No garbage collection scheduled for today.
[2025-06-29 20:00:00.012580] ?? Today is: Sunday
[2025-06-29 20:00:00.012636] ?? Garbage type for today: Recyclable Garbage
[2025-06-29] ? HTML template loaded.
[2025-06-29 20:00:00.021929] ?? Preparing to send email:
Subject: ?? Garbage Collection Reminder - Recyclable Garbage
Recipients: ['wuhan6582@gmail.com']
[2025-06-29 20:00:00.068080] ? Email sent successfully!
[2025-06-30 20:00:00.019607] ?? Today is: Monday
[2025-06-30 20:00:00.019619] ?? No garbage collection scheduled for today.
[2025-07-01 20:00:00.009538] ?? Today is: Tuesday
[2025-07-01 20:00:00.009549] ?? Garbage type for today: Burnable Garbage
[2025-07-01] ? HTML template loaded.
[2025-07-01 20:00:00.009799] ?? Preparing to send email:
Subject: ?? Garbage Collection Reminder - Burnable Garbage
Recipients: ['wuhan6582@gmail.com']
[2025-07-01 20:00:00.034929] ? Email sent successfully!
[2025-07-02 20:00:00.001584] ?? Today is: Wednesday
[2025-07-02 20:00:00.001621] ?? No garbage collection scheduled for today.
[2025-07-03 20:00:00.000593] ?? Today is: Thursday
[2025-07-03 20:00:00.000605] ?? Garbage type for today: Plastic Garbage
[2025-07-03] ? HTML template loaded.
[2025-07-03 20:00:00.000713] ?? Preparing to send email:
Subject: ?? Garbage Collection Reminder - Plastic Garbage
Recipients: ['wuhan6582@gmail.com']
[2025-07-03 20:00:00.028587] ? Email sent successfully!
[2025-07-04 20:00:00.001597] ?? Today is: Friday
[2025-07-04 20:00:00.001643] ?? Garbage type for today: Burnable Garbage
[2025-07-04] ? HTML template loaded.
[2025-07-04 20:00:00.002027] ?? Preparing to send email:
Subject: ?? Garbage Collection Reminder - Burnable Garbage
Recipients: ['wuhan6582@gmail.com']
[2025-07-04 20:00:00.036782] ? Email sent successfully!
[2025-07-05 20:00:00.001719] ?? Today is: Saturday
[2025-07-05 20:00:00.001756] ?? No garbage collection scheduled for today.
[2025-07-06 20:00:00.004692] ?? Today is: Sunday
[2025-07-06 20:00:00.004732] ?? Garbage type for today: Recyclable Garbage
[2025-07-06] ? HTML template loaded.
[2025-07-06 20:00:00.005123] ?? Preparing to send email:
Subject: ?? Garbage Collection Reminder - Recyclable Garbage
Recipients: ['wuhan6582@gmail.com']
[2025-07-06 20:00:00.036074] ? Email sent successfully!
[2025-07-07 20:00:00.001779] ?? Today is: Monday
[2025-07-07 20:00:00.001968] ?? No garbage collection scheduled for today.
[2025-07-08 20:00:00.005850] ?? Today is: Tuesday
[2025-07-08 20:00:00.005869] ?? Garbage type for today: Burnable Garbage
[2025-07-08] ? HTML template loaded.
[2025-07-08 20:00:00.005975] ?? Preparing to send email:
Subject: ?? Garbage Collection Reminder - Burnable Garbage
Recipients: ['wuhan6582@gmail.com']
[2025-07-08 20:00:00.042174] ? Email sent successfully!
[2025-07-09 20:00:00.001885] ?? Today is: Wednesday
[2025-07-09 20:00:00.001925] ?? No garbage collection scheduled for today.
[2025-07-10 20:00:00.001720] ?? Today is: Thursday
[2025-07-10 20:00:00.001760] ?? Garbage type for today: Plastic Garbage
[2025-07-10] ? HTML template loaded.
[2025-07-10 20:00:00.002149] ?? Preparing to send email:
Subject: ?? Garbage Collection Reminder - Plastic Garbage
Recipients: ['wuhan6582@gmail.com']
[2025-07-10 20:00:00.065489] ? Email sent successfully!
[2025-07-11 20:00:00.001664] ?? Today is: Friday
[2025-07-11 20:00:00.001703] ?? Garbage type for today: Burnable Garbage
[2025-07-11] ? HTML template loaded.
[2025-07-11 20:00:00.004781] ?? Preparing to send email:
Subject: ?? Garbage Collection Reminder - Burnable Garbage
Recipients: ['wuhan6582@gmail.com']
[2025-07-11 20:00:00.042506] ? Email sent successfully!
[2025-07-12 20:00:00.001671] ?? Today is: Saturday
[2025-07-12 20:00:00.001710] ?? No garbage collection scheduled for today.
[2025-07-13 20:00:00.006832] ?? Today is: Sunday
[2025-07-13 20:00:00.006846] ?? Garbage type for today: Recyclable Garbage
[2025-07-13] ? HTML template loaded.
[2025-07-13 20:00:00.006980] ?? Preparing to send email:
Subject: ?? Garbage Collection Reminder - Recyclable Garbage
Recipients: ['wuhan6582@gmail.com']
[2025-07-13 20:00:00.034563] ? Email sent successfully!
[2025-07-14 20:00:00.001505] ?? Today is: Monday
[2025-07-14 20:00:00.001545] ?? No garbage collection scheduled for today.
[2025-07-15 20:00:00.001701] ?? Today is: Tuesday
[2025-07-15 20:00:00.001747] ?? Garbage type for today: Burnable Garbage
[2025-07-15] ? HTML template loaded.
[2025-07-15 20:00:00.002138] ?? Preparing to send email:
Subject: ?? Garbage Collection Reminder - Burnable Garbage
Recipients: ['wuhan6582@gmail.com']
[2025-07-15 20:00:00.032085] ? Email sent successfully!
[2025-07-16 20:00:00.012185] ?? Today is: Wednesday
[2025-07-16 20:00:00.012198] ?? No garbage collection scheduled for today.
[2025-07-17 20:00:00.001573] ?? Today is: Thursday
[2025-07-17 20:00:00.001620] ?? Garbage type for today: Plastic Garbage
[2025-07-17] ? HTML template loaded.
[2025-07-17 20:00:00.002013] ?? Preparing to send email:
Subject: ?? Garbage Collection Reminder - Plastic Garbage
Recipients: ['wuhan6582@gmail.com']
[2025-07-17 20:00:00.031272] ? Email sent successfully!
[2025-07-18 20:00:00.001603] ?? Today is: Friday
[2025-07-18 20:00:00.001647] ?? Garbage type for today: Burnable Garbage
[2025-07-18] ? HTML template loaded.
[2025-07-18 20:00:00.002030] ?? Preparing to send email:
Subject: ?? Garbage Collection Reminder - Burnable Garbage
Recipients: ['wuhan6582@gmail.com']
[2025-07-18 20:00:00.042877] ? Email sent successfully!
[2025-07-19 20:00:00.003598] ?? Today is: Saturday
[2025-07-19 20:00:00.003637] ?? No garbage collection scheduled for today.
[2025-07-20 20:00:00.001625] ?? Today is: Sunday
[2025-07-20 20:00:00.001673] ?? Garbage type for today: Recyclable Garbage
[2025-07-20] ? HTML template loaded.
[2025-07-20 20:00:00.002071] ?? Preparing to send email:
Subject: ?? Garbage Collection Reminder - Recyclable Garbage
Recipients: ['wuhan6582@gmail.com']
[2025-07-20 20:00:00.038755] ? Email sent successfully!
[2025-07-21 20:00:00.004880] ?? Today is: Monday
[2025-07-21 20:00:00.004920] ?? No garbage collection scheduled for today.
[2025-07-22 20:00:00.002487] ?? Today is: Tuesday
[2025-07-22 20:00:00.002525] ?? Garbage type for today: Burnable Garbage
[2025-07-22] ? HTML template loaded.
[2025-07-22 20:00:00.002901] ?? Preparing to send email:
Subject: ?? Garbage Collection Reminder - Burnable Garbage
Recipients: ['wuhan6582@gmail.com']
[2025-07-22 20:00:00.031697] ? Email sent successfully!
[2025-07-23 20:00:00.001746] ?? Today is: Wednesday
[2025-07-23 20:00:00.001783] ?? No garbage collection scheduled for today.
[2025-07-24 20:00:00.001592] ?? Today is: Thursday
[2025-07-24 20:00:00.001638] ?? Garbage type for today: Plastic Garbage
[2025-07-24] ? HTML template loaded.
[2025-07-24 20:00:00.002025] ?? Preparing to send email:
Subject: ?? Garbage Collection Reminder - Plastic Garbage
Recipients: ['wuhan6582@gmail.com']
[2025-07-24 20:00:00.031712] ? Email sent successfully!
[2025-07-25 20:00:00.000707] ?? Today is: Friday
[2025-07-25 20:00:00.000722] ?? Garbage type for today: Burnable Garbage
[2025-07-25] ? HTML template loaded.
[2025-07-25 20:00:00.000872] ?? Preparing to send email:
Subject: ?? Garbage Collection Reminder - Burnable Garbage
Recipients: ['wuhan6582@gmail.com']
[2025-07-25 20:00:00.034767] ? Email sent successfully!
[2025-07-26 20:00:00.005599] ?? Today is: Saturday
[2025-07-26 20:00:00.005635] ?? No garbage collection scheduled for today.
[2025-07-27 20:00:00.001565] ?? Today is: Sunday
[2025-07-27 20:00:00.001606] ?? Garbage type for today: Recyclable Garbage
[2025-07-27] ? HTML template loaded.
[2025-07-27 20:00:00.001982] ?? Preparing to send email:
Subject: ?? Garbage Collection Reminder - Recyclable Garbage
Recipients: ['wuhan6582@gmail.com']
[2025-07-27 20:00:00.071367] ? Email sent successfully!
[2025-07-28 20:00:00.001567] ?? Today is: Monday
[2025-07-28 20:00:00.001605] ?? No garbage collection scheduled for today.
[2025-07-29 20:00:00.001796] ?? Today is: Tuesday
[2025-07-29 20:00:00.001836] ?? Garbage type for today: Burnable Garbage
[2025-07-29] ? HTML template loaded.
[2025-07-29 20:00:00.002244] ?? Preparing to send email:
Run time of job "garbage_reminder (trigger: cron[hour='20', minute='0'], next run at: 2025-08-01 20:00:00 JST)" was missed by 0:28:40.412363
Run time of job "garbage_reminder (trigger: cron[hour='20', minute='0'], next run at: 2025-08-02 20:00:00 JST)" was missed by 0:19:57.689968
Run time of job "garbage_reminder (trigger: cron[hour='20', minute='0'], next run at: 2025-08-16 20:00:00 JST)" was missed by 7:46:34.070728
